{"/Users/ianaquino/Projects/Pokemon-Project/server/controllers/pokemon.js": {"path":"/Users/ianaquino/Projects/Pokemon-Project/server/controllers/pokemon.js","statementMap":{"0":{"start":{"line":1,"column":14},"end":{"line":1,"column":30}},"1":{"start":{"line":3,"column":19},"end":{"line":42,"column":1}},"2":{"start":{"line":4,"column":22},"end":{"line":4,"column":32}},"3":{"start":{"line":6,"column":2},"end":{"line":41,"column":3}},"4":{"start":{"line":7,"column":17},"end":{"line":9,"column":5}},"5":{"start":{"line":10,"column":46},"end":{"line":10,"column":55}},"6":{"start":{"line":11,"column":21},"end":{"line":11,"column":49}},"7":{"start":{"line":12,"column":50},"end":{"line":12,"column":63}},"8":{"start":{"line":14,"column":35},"end":{"line":18,"column":5}},"9":{"start":{"line":15,"column":6},"end":{"line":16,"column":69}},"10":{"start":{"line":16,"column":33},"end":{"line":16,"column":61}},"11":{"start":{"line":17,"column":6},"end":{"line":17,"column":39}},"12":{"start":{"line":20,"column":24},"end":{"line":23,"column":5}},"13":{"start":{"line":25,"column":17},"end":{"line":25,"column":43}},"14":{"start":{"line":27,"column":24},"end":{"line":33,"column":5}},"15":{"start":{"line":34,"column":4},"end":{"line":34,"column":26}},"16":{"start":{"line":36,"column":4},"end":{"line":40,"column":5}},"17":{"start":{"line":37,"column":6},"end":{"line":39,"column":9}},"18":{"start":{"line":44,"column":0},"end":{"line":44,"column":32}}},"fnMap":{"0":{"name":"(anonymous_0)","decl":{"start":{"line":3,"column":19},"end":{"line":3,"column":20}},"loc":{"start":{"line":3,"column":39},"end":{"line":42,"column":1}},"line":3},"1":{"name":"(anonymous_1)","decl":{"start":{"line":14,"column":35},"end":{"line":14,"column":36}},"loc":{"start":{"line":14,"column":48},"end":{"line":18,"column":5}},"line":14},"2":{"name":"(anonymous_2)","decl":{"start":{"line":16,"column":22},"end":{"line":16,"column":23}},"loc":{"start":{"line":16,"column":33},"end":{"line":16,"column":61}},"line":16}},"branchMap":{"0":{"loc":{"start":{"line":16,"column":8},"end":{"line":16,"column":68}},"type":"binary-expr","locations":[{"start":{"line":16,"column":8},"end":{"line":16,"column":62}},{"start":{"line":16,"column":66},"end":{"line":16,"column":68}}],"line":16},"1":{"loc":{"start":{"line":25,"column":17},"end":{"line":25,"column":43}},"type":"binary-expr","locations":[{"start":{"line":25,"column":17},"end":{"line":25,"column":37}},{"start":{"line":25,"column":41},"end":{"line":25,"column":43}}],"line":25},"2":{"loc":{"start":{"line":36,"column":4},"end":{"line":40,"column":5}},"type":"if","locations":[{"start":{"line":36,"column":4},"end":{"line":40,"column":5}},{"start":{},"end":{}}],"line":36}},"s":{"0":1,"1":1,"2":2,"3":2,"4":2,"5":1,"6":1,"7":1,"8":1,"9":1,"10":1,"11":1,"12":1,"13":1,"14":1,"15":1,"16":1,"17":1,"18":1},"f":{"0":2,"1":1,"2":1},"b":{"0":[1,0],"1":[1,0],"2":[1,0]},"_coverageSchema":"1a1c01bbd47fc00a2c39e90264f33305004495a9","hash":"a0df20931bbc97394aff3a17e56b5a393ae21de8"}
,"/Users/ianaquino/Projects/Pokemon-Project/server/routes/pokemon.js": {"path":"/Users/ianaquino/Projects/Pokemon-Project/server/routes/pokemon.js","statementMap":{"0":{"start":{"line":1,"column":16},"end":{"line":1,"column":34}},"1":{"start":{"line":2,"column":15},"end":{"line":2,"column":31}},"2":{"start":{"line":3,"column":23},"end":{"line":3,"column":56}},"3":{"start":{"line":5,"column":0},"end":{"line":5,"column":36}},"4":{"start":{"line":7,"column":0},"end":{"line":7,"column":24}}},"fnMap":{},"branchMap":{},"s":{"0":1,"1":1,"2":1,"3":1,"4":1},"f":{},"b":{},"_coverageSchema":"1a1c01bbd47fc00a2c39e90264f33305004495a9","hash":"4252bffac7a7aa75066cd5ed6ec7fa6b9f2cb841"}
,"/Users/ianaquino/Projects/Pokemon-Project/server/tests/mockData/response.js": {"path":"/Users/ianaquino/Projects/Pokemon-Project/server/tests/mockData/response.js","statementMap":{"0":{"start":{"line":1,"column":21},"end":{"line":258,"column":1}},"1":{"start":{"line":260,"column":0},"end":{"line":260,"column":34}}},"fnMap":{},"branchMap":{},"s":{"0":1,"1":1},"f":{},"b":{},"_coverageSchema":"1a1c01bbd47fc00a2c39e90264f33305004495a9","hash":"6fa057fddd1f24cd35d9c7ce9ad315caddb1e960"}
,"/Users/ianaquino/Projects/Pokemon-Project/server/utils/utils.js": {"path":"/Users/ianaquino/Projects/Pokemon-Project/server/utils/utils.js","statementMap":{"0":{"start":{"line":1,"column":31},"end":{"line":4,"column":1}},"1":{"start":{"line":2,"column":2},"end":{"line":2,"column":92}},"2":{"start":{"line":2,"column":43},"end":{"line":2,"column":71}},"3":{"start":{"line":3,"column":2},"end":{"line":3,"column":23}},"4":{"start":{"line":6,"column":0},"end":{"line":6,"column":44}}},"fnMap":{"0":{"name":"(anonymous_0)","decl":{"start":{"line":1,"column":31},"end":{"line":1,"column":32}},"loc":{"start":{"line":1,"column":44},"end":{"line":4,"column":1}},"line":1},"1":{"name":"(anonymous_1)","decl":{"start":{"line":2,"column":32},"end":{"line":2,"column":33}},"loc":{"start":{"line":2,"column":43},"end":{"line":2,"column":71}},"line":2}},"branchMap":{"0":{"loc":{"start":{"line":2,"column":18},"end":{"line":2,"column":91}},"type":"binary-expr","locations":[{"start":{"line":2,"column":18},"end":{"line":2,"column":85}},{"start":{"line":2,"column":89},"end":{"line":2,"column":91}}],"line":2}},"s":{"0":1,"1":3,"2":6,"3":3,"4":1},"f":{"0":3,"1":6},"b":{"0":[3,2]},"_coverageSchema":"1a1c01bbd47fc00a2c39e90264f33305004495a9","hash":"54c34309ba3d26e3b2b0b37a321e71ce10528a84"}
}
