TN:
SF:server/controllers/pokemon.js
FN:3,(anonymous_0)
FN:14,(anonymous_1)
FN:16,(anonymous_2)
FNF:3
FNH:3
FNDA:2,(anonymous_0)
FNDA:1,(anonymous_1)
FNDA:1,(anonymous_2)
DA:1,1
DA:3,1
DA:4,2
DA:6,2
DA:7,2
DA:10,1
DA:11,1
DA:12,1
DA:14,1
DA:15,1
DA:16,1
DA:17,1
DA:20,1
DA:25,1
DA:27,1
DA:34,1
DA:36,1
DA:37,1
DA:44,1
LF:19
LH:19
BRDA:16,0,0,1
BRDA:16,0,1,0
BRDA:25,1,0,1
BRDA:25,1,1,0
BRDA:36,2,0,1
BRDA:36,2,1,0
BRF:6
BRH:3
end_of_record
TN:
SF:server/routes/pokemon.js
FNF:0
FNH:0
DA:1,1
DA:2,1
DA:3,1
DA:5,1
DA:7,1
LF:5
LH:5
BRF:0
BRH:0
end_of_record
TN:
SF:server/tests/mockData/response.js
FNF:0
FNH:0
DA:1,1
DA:260,1
LF:2
LH:2
BRF:0
BRH:0
end_of_record
TN:
SF:server/utils/utils.js
FN:1,(anonymous_0)
FN:2,(anonymous_1)
FNF:2
FNH:2
FNDA:3,(anonymous_0)
FNDA:6,(anonymous_1)
DA:1,1
DA:2,6
DA:3,3
DA:6,1
LF:4
LH:4
BRDA:2,0,0,3
BRDA:2,0,1,2
BRF:2
BRH:2
end_of_record
